# JRE version: OpenJDK Runtime Environment (8.0_212-b03) (build 1.8.0_212-8u212-b03-0ubuntu1.18.04.1-b03)
# Java VM: OpenJDK 64-Bit Server VM (25.212-b03 mixed mode linux-amd64 compressed oops)
Heap:
 PSYoungGen      total 525312K, used 18410K [0x000000076cd80000, 0x000000078e080000, 0x00000007c0000000)
  eden space 506880K, 0% used [0x000000076cd80000,0x000000076cd80000,0x000000078bc80000)
  from space 18432K, 99% used [0x000000078bc80000,0x000000078ce7a840,0x000000078ce80000)
  to   space 16896K, 0% used [0x000000078cf80000,0x000000078cf80000,0x000000078e000000)
 ParOldGen       total 73728K, used 49662K [0x00000006c6800000, 0x00000006cb000000, 0x000000076cd80000)
  object space 73728K, 67% used [0x00000006c6800000,0x00000006c987fa78,0x00000006cb000000)
 Metaspace       used 43988K, capacity 44496K, committed 44800K, reserved 1087488K
  class space    used 6254K, capacity 6391K, committed 6400K, reserved 1048576K
GC Heap History (10 events):
Event: 43,759 GC heap after
Heap after GC invocations=20 (full 2):
 PSYoungGen      total 290304K, used 8817K [0x000000076cd80000, 0x000000077f380000, 0x00000007c0000000)
  eden space 280064K, 0% used [0x000000076cd80000,0x000000076cd80000,0x000000077df00000)
  from space 10240K, 86% used [0x000000077e900000,0x000000077f19c650,0x000000077f300000)
  to   space 10240K, 0% used [0x000000077df00000,0x000000077df00000,0x000000077e900000)
 ParOldGen       total 73728K, used 20772K [0x00000006c6800000, 0x00000006cb000000, 0x000000076cd80000)
  object space 73728K, 28% used [0x00000006c6800000,0x00000006c7c492a8,0x00000006cb000000)
 Metaspace       used 43612K, capacity 44176K, committed 44288K, reserved 1087488K
  class space    used 6253K, capacity 6391K, committed 6400K, reserved 1048576K
}
Event: 52,422 GC heap before
{Heap before GC invocations=21 (full 2):
 PSYoungGen      total 290304K, used 288881K [0x000000076cd80000, 0x000000077f380000, 0x00000007c0000000)
  eden space 280064K, 100% used [0x000000076cd80000,0x000000077df00000,0x000000077df00000)
  from space 10240K, 86% used [0x000000077e900000,0x000000077f19c650,0x000000077f300000)
  to   space 10240K, 0% used [0x000000077df00000,0x000000077df00000,0x000000077e900000)
 ParOldGen       total 73728K, used 20772K [0x00000006c6800000, 0x00000006cb000000, 0x000000076cd80000)
  object space 73728K, 28% used [0x00000006c6800000,0x00000006c7c492a8,0x00000006cb000000)
 Metaspace       used 43783K, capacity 44304K, committed 44544K, reserved 1087488K
  class space    used 6253K, capacity 6391K, committed 6400K, reserved 1048576K
Event: 52,461 GC heap after
Heap after GC invocations=21 (full 2):
 PSYoungGen      total 290304K, used 10208K [0x000000076cd80000, 0x0000000785880000, 0x00000007c0000000)
  eden space 280064K, 0% used [0x000000076cd80000,0x000000076cd80000,0x000000077df00000)
  from space 10240K, 99% used [0x000000077df00000,0x000000077e8f8040,0x000000077e900000)
  to   space 12288K, 0% used [0x0000000784c80000,0x0000000784c80000,0x0000000785880000)
 ParOldGen       total 73728K, used 24098K [0x00000006c6800000, 0x00000006cb000000, 0x000000076cd80000)
  object space 73728K, 32% used [0x00000006c6800000,0x00000006c7f88af8,0x00000006cb000000)
 Metaspace       used 43783K, capacity 44304K, committed 44544K, reserved 1087488K
  class space    used 6253K, capacity 6391K, committed 6400K, reserved 1048576K
}
Event: 54,818 GC heap before
{Heap before GC invocations=22 (full 2):
 PSYoungGen      total 290304K, used 290272K [0x000000076cd80000, 0x0000000785880000, 0x00000007c0000000)
  eden space 280064K, 100% used [0x000000076cd80000,0x000000077df00000,0x000000077df00000)
  from space 10240K, 99% used [0x000000077df00000,0x000000077e8f8040,0x000000077e900000)
  to   space 12288K, 0% used [0x0000000784c80000,0x0000000784c80000,0x0000000785880000)
 ParOldGen       total 73728K, used 24098K [0x00000006c6800000, 0x00000006cb000000, 0x000000076cd80000)
  object space 73728K, 32% used [0x00000006c6800000,0x00000006c7f88af8,0x00000006cb000000)
 Metaspace       used 43947K, capacity 44432K, committed 44544K, reserved 1087488K
  class space    used 6254K, capacity 6391K, committed 6400K, reserved 1048576K
Event: 54,853 GC heap after
Heap after GC invocations=22 (full 2):
 PSYoungGen      total 391168K, used 11104K [0x000000076cd80000, 0x0000000785980000, 0x00000007c0000000)
  eden space 378880K, 0% used [0x000000076cd80000,0x000000076cd80000,0x0000000783f80000)
  from space 12288K, 90% used [0x0000000784c80000,0x0000000785758040,0x0000000785880000)
  to   space 13312K, 0% used [0x0000000783f80000,0x0000000783f80000,0x0000000784c80000)
 ParOldGen       total 73728K, used 27160K [0x00000006c6800000, 0x00000006cb000000, 0x000000076cd80000)
  object space 73728K, 36% used [0x00000006c6800000,0x00000006c8286368,0x00000006cb000000)
 Metaspace       used 43947K, capacity 44432K, committed 44544K, reserved 1087488K
  class space    used 6254K, capacity 6391K, committed 6400K, reserved 1048576K
}
Event: 62,178 GC heap before
{Heap before GC invocations=23 (full 2):
 PSYoungGen      total 391168K, used 389984K [0x000000076cd80000, 0x0000000785980000, 0x00000007c0000000)
  eden space 378880K, 100% used [0x000000076cd80000,0x0000000783f80000,0x0000000783f80000)
  from space 12288K, 90% used [0x0000000784c80000,0x0000000785758040,0x0000000785880000)
  to   space 13312K, 0% used [0x0000000783f80000,0x0000000783f80000,0x0000000784c80000)
 ParOldGen       total 73728K, used 27160K [0x00000006c6800000, 0x00000006cb000000, 0x000000076cd80000)
  object space 73728K, 36% used [0x00000006c6800000,0x00000006c8286368,0x00000006cb000000)
 Metaspace       used 43952K, capacity 44432K, committed 44544K, reserved 1087488K
  class space    used 6254K, capacity 6391K, committed 6400K, reserved 1048576K
Event: 62,236 GC heap after
Heap after GC invocations=23 (full 2):
 PSYoungGen      total 392192K, used 13280K [0x000000076cd80000, 0x000000078e000000, 0x00000007c0000000)
  eden space 378880K, 0% used [0x000000076cd80000,0x000000076cd80000,0x0000000783f80000)
  from space 13312K, 99% used [0x0000000783f80000,0x0000000784c78040,0x0000000784c80000)
  to   space 16896K, 0% used [0x000000078cf80000,0x000000078cf80000,0x000000078e000000)
 ParOldGen       total 73728K, used 33496K [0x00000006c6800000, 0x00000006cb000000, 0x000000076cd80000)
  object space 73728K, 45% used [0x00000006c6800000,0x00000006c88b63d8,0x00000006cb000000)
 Metaspace       used 43952K, capacity 44432K, committed 44544K, reserved 1087488K
  class space    used 6254K, capacity 6391K, committed 6400K, reserved 1048576K
}
Event: 66,292 GC heap before
{Heap before GC invocations=24 (full 2):
 PSYoungGen      total 392192K, used 392160K [0x000000076cd80000, 0x000000078e000000, 0x00000007c0000000)
  eden space 378880K, 100% used [0x000000076cd80000,0x0000000783f80000,0x0000000783f80000)
  from space 13312K, 99% used [0x0000000783f80000,0x0000000784c78040,0x0000000784c80000)
  to   space 16896K, 0% used [0x000000078cf80000,0x000000078cf80000,0x000000078e000000)
 ParOldGen       total 73728K, used 33496K [0x00000006c6800000, 0x00000006cb000000, 0x000000076cd80000)
  object space 73728K, 45% used [0x00000006c6800000,0x00000006c88b63d8,0x00000006cb000000)
 Metaspace       used 43961K, capacity 44432K, committed 44544K, reserved 1087488K
  class space    used 6254K, capacity 6391K, committed 6400K, reserved 1048576K
Event: 66,329 GC heap after
Heap after GC invocations=24 (full 2):
 PSYoungGen      total 523776K, used 15888K [0x000000076cd80000, 0x000000078e080000, 0x00000007c0000000)
  eden space 506880K, 0% used [0x000000076cd80000,0x000000076cd80000,0x000000078bc80000)
  from space 16896K, 94% used [0x000000078cf80000,0x000000078df04050,0x000000078e000000)
  to   space 18432K, 0% used [0x000000078bc80000,0x000000078bc80000,0x000000078ce80000)
 ParOldGen       total 73728K, used 39347K [0x00000006c6800000, 0x00000006cb000000, 0x000000076cd80000)
  object space 73728K, 53% used [0x00000006c6800000,0x00000006c8e6cf00,0x00000006cb000000)
 Metaspace       used 43961K, capacity 44432K, committed 44544K, reserved 1087488K
  class space    used 6254K, capacity 6391K, committed 6400K, reserved 1048576K
}
Event: 80,322 GC heap before
{Heap before GC invocations=25 (full 2):
 PSYoungGen      total 523776K, used 522768K [0x000000076cd80000, 0x000000078e080000, 0x00000007c0000000)
  eden space 506880K, 100% used [0x000000076cd80000,0x000000078bc80000,0x000000078bc80000)
  from space 16896K, 94% used [0x000000078cf80000,0x000000078df04050,0x000000078e000000)
  to   space 18432K, 0% used [0x000000078bc80000,0x000000078bc80000,0x000000078ce80000)
 ParOldGen       total 73728K, used 39347K [0x00000006c6800000, 0x00000006cb000000, 0x000000076cd80000)
  object space 73728K, 53% used [0x00000006c6800000,0x00000006c8e6cf00,0x00000006cb000000)
 Metaspace       used 43988K, capacity 44496K, committed 44800K, reserved 1087488K
  class space    used 6254K, capacity 6391K, committed 6400K, reserved 1048576K

