# JRE version: OpenJDK Runtime Environment (8.0_212-b03) (build 1.8.0_212-8u212-b03-0ubuntu1.18.04.1-b03)
# Java VM: OpenJDK 64-Bit Server VM (25.212-b03 mixed mode linux-amd64 compressed oops)
Heap:
 PSYoungGen      total 531968K, used 18400K [0x000000076cd80000, 0x000000078e900000, 0x00000007c0000000)
  eden space 513536K, 0% used [0x000000076cd80000,0x000000076cd80000,0x000000078c300000)
  from space 18432K, 99% used [0x000000078c300000,0x000000078d4f8020,0x000000078d500000)
  to   space 16384K, 0% used [0x000000078d500000,0x000000078d500000,0x000000078e500000)
 ParOldGen       total 73216K, used 56165K [0x00000006c6800000, 0x00000006caf80000, 0x000000076cd80000)
  object space 73216K, 76% used [0x00000006c6800000,0x00000006c9ed9518,0x00000006caf80000)
 Metaspace       used 43947K, capacity 44428K, committed 44544K, reserved 1087488K
  class space    used 6246K, capacity 6353K, committed 6400K, reserved 1048576K
GC Heap History (10 events):
Event: 93,807 GC heap after
Heap after GC invocations=22 (full 2):
 PSYoungGen      total 279552K, used 8032K [0x000000076cd80000, 0x000000077ea00000, 0x00000007c0000000)
  eden space 269312K, 0% used [0x000000076cd80000,0x000000076cd80000,0x000000077d480000)
  from space 10240K, 78% used [0x000000077df00000,0x000000077e6d8040,0x000000077e900000)
  to   space 10752K, 0% used [0x000000077d480000,0x000000077d480000,0x000000077df00000)
 ParOldGen       total 73216K, used 29869K [0x00000006c6800000, 0x00000006caf80000, 0x000000076cd80000)
  object space 73216K, 40% used [0x00000006c6800000,0x00000006c852b518,0x00000006caf80000)
 Metaspace       used 43602K, capacity 44044K, committed 44288K, reserved 1087488K
  class space    used 6238K, capacity 6353K, committed 6400K, reserved 1048576K
}
Event: 96,779 GC heap before
{Heap before GC invocations=23 (full 2):
 PSYoungGen      total 279552K, used 277344K [0x000000076cd80000, 0x000000077ea00000, 0x00000007c0000000)
  eden space 269312K, 100% used [0x000000076cd80000,0x000000077d480000,0x000000077d480000)
  from space 10240K, 78% used [0x000000077df00000,0x000000077e6d8040,0x000000077e900000)
  to   space 10752K, 0% used [0x000000077d480000,0x000000077d480000,0x000000077df00000)
 ParOldGen       total 73216K, used 29869K [0x00000006c6800000, 0x00000006caf80000, 0x000000076cd80000)
  object space 73216K, 40% used [0x00000006c6800000,0x00000006c852b518,0x00000006caf80000)
 Metaspace       used 43807K, capacity 44236K, committed 44544K, reserved 1087488K
  class space    used 6245K, capacity 6353K, committed 6400K, reserved 1048576K
Event: 96,815 GC heap after
Heap after GC invocations=23 (full 2):
 PSYoungGen      total 280064K, used 10144K [0x000000076cd80000, 0x0000000785100000, 0x00000007c0000000)
  eden space 269312K, 0% used [0x000000076cd80000,0x000000076cd80000,0x000000077d480000)
  from space 10752K, 94% used [0x000000077d480000,0x000000077de68040,0x000000077df00000)
  to   space 11776K, 0% used [0x0000000784580000,0x0000000784580000,0x0000000785100000)
 ParOldGen       total 73216K, used 32569K [0x00000006c6800000, 0x00000006caf80000, 0x000000076cd80000)
  object space 73216K, 44% used [0x00000006c6800000,0x00000006c87ce608,0x00000006caf80000)
 Metaspace       used 43807K, capacity 44236K, committed 44544K, reserved 1087488K
  class space    used 6245K, capacity 6353K, committed 6400K, reserved 1048576K
}
Event: 98,027 GC heap before
{Heap before GC invocations=24 (full 2):
 PSYoungGen      total 280064K, used 279456K [0x000000076cd80000, 0x0000000785100000, 0x00000007c0000000)
  eden space 269312K, 100% used [0x000000076cd80000,0x000000077d480000,0x000000077d480000)
  from space 10752K, 94% used [0x000000077d480000,0x000000077de68040,0x000000077df00000)
  to   space 11776K, 0% used [0x0000000784580000,0x0000000784580000,0x0000000785100000)
 ParOldGen       total 73216K, used 32569K [0x00000006c6800000, 0x00000006caf80000, 0x000000076cd80000)
  object space 73216K, 44% used [0x00000006c6800000,0x00000006c87ce608,0x00000006caf80000)
 Metaspace       used 43885K, capacity 44300K, committed 44544K, reserved 1087488K
  class space    used 6245K, capacity 6353K, committed 6400K, reserved 1048576K
Event: 98,071 GC heap after
Heap after GC invocations=24 (full 2):
 PSYoungGen      total 384512K, used 10112K [0x000000076cd80000, 0x0000000785280000, 0x00000007c0000000)
  eden space 372736K, 0% used [0x000000076cd80000,0x000000076cd80000,0x0000000783980000)
  from space 11776K, 85% used [0x0000000784580000,0x0000000784f60040,0x0000000785100000)
  to   space 12288K, 0% used [0x0000000783980000,0x0000000783980000,0x0000000784580000)
 ParOldGen       total 73216K, used 35059K [0x00000006c6800000, 0x00000006caf80000, 0x000000076cd80000)
  object space 73216K, 47% used [0x00000006c6800000,0x00000006c8a3ce68,0x00000006caf80000)
 Metaspace       used 43885K, capacity 44300K, committed 44544K, reserved 1087488K
  class space    used 6245K, capacity 6353K, committed 6400K, reserved 1048576K
}
Event: 118,753 GC heap before
{Heap before GC invocations=25 (full 2):
 PSYoungGen      total 384512K, used 382848K [0x000000076cd80000, 0x0000000785280000, 0x00000007c0000000)
  eden space 372736K, 100% used [0x000000076cd80000,0x0000000783980000,0x0000000783980000)
  from space 11776K, 85% used [0x0000000784580000,0x0000000784f60040,0x0000000785100000)
  to   space 12288K, 0% used [0x0000000783980000,0x0000000783980000,0x0000000784580000)
 ParOldGen       total 73216K, used 35059K [0x00000006c6800000, 0x00000006caf80000, 0x000000076cd80000)
  object space 73216K, 47% used [0x00000006c6800000,0x00000006c8a3ce68,0x00000006caf80000)
 Metaspace       used 43914K, capacity 44364K, committed 44544K, reserved 1087488K
  class space    used 6245K, capacity 6353K, committed 6400K, reserved 1048576K
Event: 118,808 GC heap after
Heap after GC invocations=25 (full 2):
 PSYoungGen      total 385024K, used 12256K [0x000000076cd80000, 0x000000078e500000, 0x00000007c0000000)
  eden space 372736K, 0% used [0x000000076cd80000,0x000000076cd80000,0x0000000783980000)
  from space 12288K, 99% used [0x0000000783980000,0x0000000784578040,0x0000000784580000)
  to   space 16384K, 0% used [0x000000078d500000,0x000000078d500000,0x000000078e500000)
 ParOldGen       total 73216K, used 41357K [0x00000006c6800000, 0x00000006caf80000, 0x000000076cd80000)
  object space 73216K, 56% used [0x00000006c6800000,0x00000006c9063698,0x00000006caf80000)
 Metaspace       used 43914K, capacity 44364K, committed 44544K, reserved 1087488K
  class space    used 6245K, capacity 6353K, committed 6400K, reserved 1048576K
}
Event: 124,719 GC heap before
{Heap before GC invocations=26 (full 2):
 PSYoungGen      total 385024K, used 384992K [0x000000076cd80000, 0x000000078e500000, 0x00000007c0000000)
  eden space 372736K, 100% used [0x000000076cd80000,0x0000000783980000,0x0000000783980000)
  from space 12288K, 99% used [0x0000000783980000,0x0000000784578040,0x0000000784580000)
  to   space 16384K, 0% used [0x000000078d500000,0x000000078d500000,0x000000078e500000)
 ParOldGen       total 73216K, used 41357K [0x00000006c6800000, 0x00000006caf80000, 0x000000076cd80000)
  object space 73216K, 56% used [0x00000006c6800000,0x00000006c9063698,0x00000006caf80000)
 Metaspace       used 43939K, capacity 44428K, committed 44544K, reserved 1087488K
  class space    used 6246K, capacity 6353K, committed 6400K, reserved 1048576K
Event: 124,860 GC heap after
Heap after GC invocations=26 (full 2):
 PSYoungGen      total 529920K, used 16240K [0x000000076cd80000, 0x000000078e900000, 0x00000007c0000000)
  eden space 513536K, 0% used [0x000000076cd80000,0x000000076cd80000,0x000000078c300000)
  from space 16384K, 99% used [0x000000078d500000,0x000000078e4dc050,0x000000078e500000)
  to   space 18432K, 0% used [0x000000078c300000,0x000000078c300000,0x000000078d500000)
 ParOldGen       total 73216K, used 46854K [0x00000006c6800000, 0x00000006caf80000, 0x000000076cd80000)
  object space 73216K, 63% used [0x00000006c6800000,0x00000006c95c19b0,0x00000006caf80000)
 Metaspace       used 43939K, capacity 44428K, committed 44544K, reserved 1087488K
  class space    used 6246K, capacity 6353K, committed 6400K, reserved 1048576K
}
Event: 129,563 GC heap before
{Heap before GC invocations=27 (full 2):
 PSYoungGen      total 529920K, used 529776K [0x000000076cd80000, 0x000000078e900000, 0x00000007c0000000)
  eden space 513536K, 100% used [0x000000076cd80000,0x000000078c300000,0x000000078c300000)
  from space 16384K, 99% used [0x000000078d500000,0x000000078e4dc050,0x000000078e500000)
  to   space 18432K, 0% used [0x000000078c300000,0x000000078c300000,0x000000078d500000)
 ParOldGen       total 73216K, used 46854K [0x00000006c6800000, 0x00000006caf80000, 0x000000076cd80000)
  object space 73216K, 63% used [0x00000006c6800000,0x00000006c95c19b0,0x00000006caf80000)
 Metaspace       used 43947K, capacity 44428K, committed 44544K, reserved 1087488K
  class space    used 6246K, capacity 6353K, committed 6400K, reserved 1048576K

